
> web@0.1.0 build C:\Users\User\Documents\CG Tourism\apps\web
> next build

▲ Next.js 16.2.6 (Turbopack)
- Environments: .env.local

  Creating an optimized production build ...
✓ Compiled successfully in 13.7s
  Running TypeScript ...
  Finished TypeScript in 10.9s ...
  Collecting page data using 3 workers ...
  Generating static pages using 3 workers (0/13) ...
  Generating static pages using 3 workers (3/13) 
  Generating static pages using 3 workers (6/13) 
  Generating static pages using 3 workers (9/13) 
✓ Generating static pages using 3 workers (13/13) in 3.3s
  Finalizing page optimization ...

Route (app)
┌ ○ /
├ ○ /_not-found
├ ○ /admin
├ ○ /bookmarks
├ ○ /creator
├ ƒ /destination/[id]
├ ○ /explore
├ ○ /login
├ ○ /planner
├ ○ /register
├ ○ /sos
└ ○ /stories


○  (Static)   prerendered as static content
ƒ  (Dynamic)  server-rendered on demand

